Added Component: Designator=C1(C_SMD_0603)
Add component (AddParameter): Name = "Bauform"; Value = ""; VariantName = "[No Variations]"
Add component (AddParameter): Name = "Spannung"; Value = ""; VariantName = "[No Variations]"
Add component (AddParameter): Name = "Typ"; Value = ""; VariantName = "[No Variations]"
Added Component: Designator=C2(C_SMD_0603)
Add component (AddParameter): Name = "Bauform"; Value = ""; VariantName = "[No Variations]"
Add component (AddParameter): Name = "Spannung"; Value = ""; VariantName = "[No Variations]"
Add component (AddParameter): Name = "Typ"; Value = ""; VariantName = "[No Variations]"
Added Component: Designator=C3(C_SMD_0603)
Add component (AddParameter): Name = "Bauform"; Value = ""; VariantName = "[No Variations]"
Add component (AddParameter): Name = "Spannung"; Value = ""; VariantName = "[No Variations]"
Add component (AddParameter): Name = "Typ"; Value = ""; VariantName = "[No Variations]"
Added Component: Designator=C4(C_SMD_0603)
Add component (AddParameter): Name = "Bauform"; Value = ""; VariantName = "[No Variations]"
Add component (AddParameter): Name = "Spannung"; Value = ""; VariantName = "[No Variations]"
Add component (AddParameter): Name = "Typ"; Value = ""; VariantName = "[No Variations]"
Added Component: Designator=C5(C_SMD_0603)
Add component (AddParameter): Name = "Bauform"; Value = ""; VariantName = "[No Variations]"
Add component (AddParameter): Name = "Spannung"; Value = ""; VariantName = "[No Variations]"
Add component (AddParameter): Name = "Typ"; Value = ""; VariantName = "[No Variations]"
Added Component: Designator=C6(C_SMD_0603)
Add component (AddParameter): Name = "Bauform"; Value = ""; VariantName = "[No Variations]"
Add component (AddParameter): Name = "Spannung"; Value = ""; VariantName = "[No Variations]"
Add component (AddParameter): Name = "Typ"; Value = ""; VariantName = "[No Variations]"
Added Component: Designator=C7(C_SMD_0603)
Add component (AddParameter): Name = "Bauform"; Value = ""; VariantName = "[No Variations]"
Add component (AddParameter): Name = "Spannung"; Value = ""; VariantName = "[No Variations]"
Add component (AddParameter): Name = "Typ"; Value = ""; VariantName = "[No Variations]"
Added Component: Designator=C8(C_SMD_0603)
Add component (AddParameter): Name = "Bauform"; Value = ""; VariantName = "[No Variations]"
Add component (AddParameter): Name = "Spannung"; Value = ""; VariantName = "[No Variations]"
Add component (AddParameter): Name = "Typ"; Value = ""; VariantName = "[No Variations]"
Added Component: Designator=C9(C_SMD_0603)
Add component (AddParameter): Name = "Bauform"; Value = ""; VariantName = "[No Variations]"
Add component (AddParameter): Name = "Spannung"; Value = ""; VariantName = "[No Variations]"
Add component (AddParameter): Name = "Typ"; Value = ""; VariantName = "[No Variations]"
Added Component: Designator=C10(C_SMD_0603)
Add component (AddParameter): Name = "Bauform"; Value = ""; VariantName = "[No Variations]"
Add component (AddParameter): Name = "Spannung"; Value = ""; VariantName = "[No Variations]"
Add component (AddParameter): Name = "Typ"; Value = ""; VariantName = "[No Variations]"
Added Component: Designator=C11(C_SMD_0603)
Add component (AddParameter): Name = "Bauform"; Value = ""; VariantName = "[No Variations]"
Add component (AddParameter): Name = "Spannung"; Value = ""; VariantName = "[No Variations]"
Add component (AddParameter): Name = "Typ"; Value = ""; VariantName = "[No Variations]"
Added Component: Designator=C12(C_SMD_0603)
Add component (AddParameter): Name = "Bauform"; Value = ""; VariantName = "[No Variations]"
Add component (AddParameter): Name = "Spannung"; Value = ""; VariantName = "[No Variations]"
Add component (AddParameter): Name = "Typ"; Value = ""; VariantName = "[No Variations]"
Added Component: Designator=C13(C_SMD_B-Typ)
Add component (AddParameter): Name = "Bauform"; Value = ""; VariantName = "[No Variations]"
Add component (AddParameter): Name = "Spannung"; Value = ""; VariantName = "[No Variations]"
Add component (AddParameter): Name = "Typ"; Value = ""; VariantName = "[No Variations]"
Added Component: Designator=C14(C_SMD_B-Typ)
Add component (AddParameter): Name = "Bauform"; Value = ""; VariantName = "[No Variations]"
Add component (AddParameter): Name = "Spannung"; Value = ""; VariantName = "[No Variations]"
Add component (AddParameter): Name = "Typ"; Value = ""; VariantName = "[No Variations]"
Added Component: Designator=D1(D_SMD_LED-ARGB)
Added Component: Designator=D2(D_SMD_LED-ARGB)
Added Component: Designator=D3(D_SMD_LED-ARGB)
Added Component: Designator=D4(D_SMD_LED-ARGB)
Added Component: Designator=D5(D_SMD_LED-ARGB)
Added Component: Designator=D6(D_SMD_LED-ARGB)
Added Component: Designator=D7(D_SMD_LED-ARGB)
Added Component: Designator=D8(D_SMD_LED-ARGB)
Added Component: Designator=D9(D_SMD_LED-ARGB)
Added Component: Designator=D10(D_SMD_LED-ARGB)
Added Component: Designator=D11(D_SMD_LED-ARGB)
Added Component: Designator=D12(D_SMD_LED-ARGB)
Added Component: Designator=D13(SOD-80-2)
Add component (AddParameter): Name = "Spannung For."; Value = "0,7V"; VariantName = "[No Variations]"
Add component (AddParameter): Name = "Spannung Rev."; Value = ""; VariantName = "[No Variations]"
Add component (AddParameter): Name = "Strom"; Value = ""; VariantName = "[No Variations]"
Added Component: Designator=J_DISPLAY(J_2x20)
Added Component: Designator=J_USB(GCT_USB4105-GF-A)
Add component (AddParameter): Name = "Availability"; Value = "Unavailable"; VariantName = "[No Variations]"
Add component (AddParameter): Name = "MF"; Value = "{'manufacturer': u'GCT'}"; VariantName = "[No Variations]"
Add component (AddParameter): Name = "MP"; Value = "USB4105-GF-A"; VariantName = "[No Variations]"
Add component (AddParameter): Name = "Package"; Value = "None"; VariantName = "[No Variations]"
Add component (AddParameter): Name = "Price"; Value = "None"; VariantName = "[No Variations]"
Add component (AddParameter): Name = "Value"; Value = ""; VariantName = "[No Variations]"
Added Component: Designator=Q1(SOT-23-3_BC846)
Added Component: Designator=Q2(SOT-23-3_BC856)
Added Component: Designator=Q3(SOT-23-3_BC846)
Added Component: Designator=R1(R_SMD_0805)
Added Component: Designator=R2(R_SMD_0805)
Added Component: Designator=R3(R_SMD_0805)
Added Component: Designator=R4(R_SMD_0805)
Added Component: Designator=R5(R_SMD_0805)
Added Component: Designator=S1(S_SMD_Pad-NC)
Added Component: Designator=U2(U_SMD_AMS1117)
Add component (AddParameter): Name = "Automotive"; Value = "No"; VariantName = "[No Variations]"
Add component (AddParameter): Name = "Category"; Value = "IC"; VariantName = "[No Variations]"
Add component (AddParameter): Name = "ComponentLink2Description"; Value = "Datasheet"; VariantName = "[No Variations]"
Add component (AddParameter): Name = "ComponentLink2URL"; Value = "http://www.advanced-monolithic.com/pdf/ds1117.pdf"; VariantName = "[No Variations]"
Add component (AddParameter): Name = "Device Class L1"; Value = "Integrated Circuits (ICs)"; VariantName = "[No Variations]"
Add component (AddParameter): Name = "Device Class L2"; Value = "Power Management ICs"; VariantName = "[No Variations]"
Add component (AddParameter): Name = "Device Class L3"; Value = "Voltage Regulators - Linear"; VariantName = "[No Variations]"
Add component (AddParameter): Name = "Dropout Voltage"; Value = "1.1V"; VariantName = "[No Variations]"
Add component (AddParameter): Name = "Height"; Value = "1.8mm"; VariantName = "[No Variations]"
Add component (AddParameter): Name = "Ipc Land Pattern Name"; Value = "SOT229P700X180-4"; VariantName = "[No Variations]"
Add component (AddParameter): Name = "Lead Free"; Value = "Yes"; VariantName = "[No Variations]"
Add component (AddParameter): Name = "Manufacturer"; Value = "Advanced Monolithic Systems"; VariantName = "[No Variations]"
Add component (AddParameter): Name = "Manufacturer Part Number"; Value = "AMS1117-3.3"; VariantName = "[No Variations]"
Add component (AddParameter): Name = "Max Junction Temp"; Value = "+125°C"; VariantName = "[No Variations]"
Add component (AddParameter): Name = "Max Power Dissipation"; Value = "1.2W"; VariantName = "[No Variations]"
Add component (AddParameter): Name = "Max Supply Voltage"; Value = "15V"; VariantName = "[No Variations]"
Add component (AddParameter): Name = "Nominal Supply Current"; Value = "5mA"; VariantName = "[No Variations]"
Add component (AddParameter): Name = "Number Of Outputs"; Value = "1"; VariantName = "[No Variations]"
Add component (AddParameter): Name = "Octopart"; Value = "https://octopart.com/ams1117-3.3-advanced+monolithic+systems-25899300"; VariantName = "[No Variations]"
Add component (AddParameter): Name = "Output Current"; Value = "1A"; VariantName = "[No Variations]"
Add component (AddParameter): Name = "Output Type"; Value = "Fixed"; VariantName = "[No Variations]"
Add component (AddParameter): Name = "Output Voltage"; Value = "3.3V"; VariantName = "[No Variations]"
Add component (AddParameter): Name = "Package"; Value = "AMS1117"; VariantName = "[No Variations]"
Add component (AddParameter): Name = "RoHS"; Value = "TRUE"; VariantName = "[No Variations]"
Add component (AddParameter): Name = "Standoff Height"; Value = "0.64mm"; VariantName = "[No Variations]"
Add component (AddParameter): Name = "Temperature"; Value = "-40°C to +125°C"; VariantName = "[No Variations]"
Add component (AddParameter): Name = "Temperature Range High"; Value = "+125°C"; VariantName = "[No Variations]"
Add component (AddParameter): Name = "Temperature Range Low"; Value = "-40°C"; VariantName = "[No Variations]"
Added Component: Designator=UC1(XCVR_ESP32S3WROOM1N8R8)
Add component (AddParameter): Name = "Availability"; Value = "In Stock"; VariantName = "[No Variations]"
Add component (AddParameter): Name = "Check_prices"; Value = "https://www.snapeda.com/parts/ESP32-S3-WROOM-1-N8R8/Espressif+Systems/view-part/?ref=eda"; VariantName = "[No Variations]"
Add component (AddParameter): Name = "MF"; Value = "Espressif Systems"; VariantName = "[No Variations]"
Add component (AddParameter): Name = "MP"; Value = "ESP32-S3-WROOM-1-N8R8"; VariantName = "[No Variations]"
Add component (AddParameter): Name = "Package"; Value = "None"; VariantName = "[No Variations]"
Add component (AddParameter): Name = "Price"; Value = "None"; VariantName = "[No Variations]"
Add component (AddParameter): Name = "Purchase-URL"; Value = "https://pricing.snapeda.com/search?q=ESP32-S3-WROOM-1-N8R8&ref=eda"; VariantName = "[No Variations]"
Add component (AddParameter): Name = "SnapEDA_Link"; Value = "https://www.snapeda.com/parts/ESP32-S3-WROOM-1-N8R8/Espressif+Systems/view-part/?ref=snap"; VariantName = "[No Variations]"
Add component (AddParameter): Name = "Value"; Value = ""; VariantName = "[No Variations]"
Added Component: Designator=X1(X_THT_PIEZZO)
Added Pin To Net: NetName=3V3 Pin=C14-1
Added Pin To Net: NetName=3V3 Pin=D13-1
Added Pin To Net: NetName=3V3 Pin=J_DISPLAY-37
Added Pin To Net: NetName=3V3 Pin=R3-2
Added Pin To Net: NetName=3V3 Pin=U2-2
Added Pin To Net: NetName=3V3 Pin=U2-2
Added Pin To Net: NetName=3V3 Pin=UC1-2
Added Net: Name=3V3
Added Pin To Net: NetName=5V-BUS Pin=C1-2
Added Pin To Net: NetName=5V-BUS Pin=C2-2
Added Pin To Net: NetName=5V-BUS Pin=C3-2
Added Pin To Net: NetName=5V-BUS Pin=C4-2
Added Pin To Net: NetName=5V-BUS Pin=C5-2
Added Pin To Net: NetName=5V-BUS Pin=C6-2
Added Pin To Net: NetName=5V-BUS Pin=C7-2
Added Pin To Net: NetName=5V-BUS Pin=C8-2
Added Pin To Net: NetName=5V-BUS Pin=C9-2
Added Pin To Net: NetName=5V-BUS Pin=C10-2
Added Pin To Net: NetName=5V-BUS Pin=C11-2
Added Pin To Net: NetName=5V-BUS Pin=C12-2
Added Pin To Net: NetName=5V-BUS Pin=C13-1
Added Pin To Net: NetName=5V-BUS Pin=D1-1
Added Pin To Net: NetName=5V-BUS Pin=D2-1
Added Pin To Net: NetName=5V-BUS Pin=D3-1
Added Pin To Net: NetName=5V-BUS Pin=D4-1
Added Pin To Net: NetName=5V-BUS Pin=D5-1
Added Pin To Net: NetName=5V-BUS Pin=D6-1
Added Pin To Net: NetName=5V-BUS Pin=D7-1
Added Pin To Net: NetName=5V-BUS Pin=D8-1
Added Pin To Net: NetName=5V-BUS Pin=D9-1
Added Pin To Net: NetName=5V-BUS Pin=D10-1
Added Pin To Net: NetName=5V-BUS Pin=D11-1
Added Pin To Net: NetName=5V-BUS Pin=D12-1
Added Pin To Net: NetName=5V-BUS Pin=D13-2
Added Pin To Net: NetName=5V-BUS Pin=J_DISPLAY-5
Added Pin To Net: NetName=5V-BUS Pin=J_USB-A4_B9
Added Pin To Net: NetName=5V-BUS Pin=J_USB-B4_A9
Added Pin To Net: NetName=5V-BUS Pin=Q2-E
Added Pin To Net: NetName=5V-BUS Pin=R4-2
Added Pin To Net: NetName=5V-BUS Pin=U2-3
Added Pin To Net: NetName=5V-BUS Pin=X1-1
Added Net: Name=5V-BUS
Added Pin To Net: NetName=ARGB Pin=D1-4
Added Net: Name=ARGB
Added Pin To Net: NetName=CS Pin=J_DISPLAY-11
Added Pin To Net: NetName=CS Pin=UC1-5
Added Net: Name=CS
Added Pin To Net: NetName=D0 Pin=J_DISPLAY-40
Added Pin To Net: NetName=D0 Pin=UC1-6
Added Net: Name=D0
Added Pin To Net: NetName=D1 Pin=J_DISPLAY-38
Added Pin To Net: NetName=D1 Pin=UC1-7
Added Net: Name=D1
Added Pin To Net: NetName=D2 Pin=J_DISPLAY-36
Added Pin To Net: NetName=D2 Pin=UC1-12
Added Net: Name=D2
Added Pin To Net: NetName=D3 Pin=J_DISPLAY-34
Added Pin To Net: NetName=D3 Pin=UC1-17
Added Net: Name=D3
Added Pin To Net: NetName=D4 Pin=J_DISPLAY-32
Added Pin To Net: NetName=D4 Pin=UC1-9
Added Net: Name=D4
Added Pin To Net: NetName=D5 Pin=J_DISPLAY-30
Added Pin To Net: NetName=D5 Pin=UC1-10
Added Net: Name=D5
Added Pin To Net: NetName=D6 Pin=J_DISPLAY-28
Added Pin To Net: NetName=D6 Pin=UC1-11
Added Net: Name=D6
Added Pin To Net: NetName=D7 Pin=J_DISPLAY-26
Added Pin To Net: NetName=D7 Pin=UC1-23
Added Net: Name=D7
Added Pin To Net: NetName=D+ Pin=J_USB-A6
Added Pin To Net: NetName=D+ Pin=J_USB-B6
Added Pin To Net: NetName=D+ Pin=UC1-14
Added Net: Name=D+
Added Pin To Net: NetName=D- Pin=J_USB-A7
Added Pin To Net: NetName=D- Pin=J_USB-B7
Added Pin To Net: NetName=D- Pin=UC1-13
Added Net: Name=D-
Added Pin To Net: NetName=GND Pin=C1-1
Added Pin To Net: NetName=GND Pin=C2-1
Added Pin To Net: NetName=GND Pin=C3-1
Added Pin To Net: NetName=GND Pin=C4-1
Added Pin To Net: NetName=GND Pin=C5-1
Added Pin To Net: NetName=GND Pin=C6-1
Added Pin To Net: NetName=GND Pin=C7-1
Added Pin To Net: NetName=GND Pin=C8-1
Added Pin To Net: NetName=GND Pin=C9-1
Added Pin To Net: NetName=GND Pin=C10-1
Added Pin To Net: NetName=GND Pin=C11-1
Added Pin To Net: NetName=GND Pin=C12-1
Added Pin To Net: NetName=GND Pin=C13-2
Added Pin To Net: NetName=GND Pin=C14-2
Added Pin To Net: NetName=GND Pin=D1-3
Added Pin To Net: NetName=GND Pin=D2-3
Added Pin To Net: NetName=GND Pin=D3-3
Added Pin To Net: NetName=GND Pin=D4-3
Added Pin To Net: NetName=GND Pin=D5-3
Added Pin To Net: NetName=GND Pin=D6-3
Added Pin To Net: NetName=GND Pin=D7-3
Added Pin To Net: NetName=GND Pin=D8-3
Added Pin To Net: NetName=GND Pin=D9-3
Added Pin To Net: NetName=GND Pin=D10-3
Added Pin To Net: NetName=GND Pin=D11-3
Added Pin To Net: NetName=GND Pin=D12-3
Added Pin To Net: NetName=GND Pin=J_DISPLAY-39
Added Pin To Net: NetName=GND Pin=J_USB-A1_B12
Added Pin To Net: NetName=GND Pin=J_USB-B1_A12
Added Pin To Net: NetName=GND Pin=J_USB-SH1
Added Pin To Net: NetName=GND Pin=J_USB-SH2
Added Pin To Net: NetName=GND Pin=J_USB-SH3
Added Pin To Net: NetName=GND Pin=J_USB-SH4
Added Pin To Net: NetName=GND Pin=Q1-E
Added Pin To Net: NetName=GND Pin=Q3-E
Added Pin To Net: NetName=GND Pin=R1-1
Added Pin To Net: NetName=GND Pin=R2-1
Added Pin To Net: NetName=GND Pin=S1-1
Added Pin To Net: NetName=GND Pin=U2-1
Added Pin To Net: NetName=GND Pin=UC1-1
Added Pin To Net: NetName=GND Pin=UC1-1
Added Pin To Net: NetName=GND Pin=UC1-1
Added Pin To Net: NetName=GND Pin=UC1-1
Added Pin To Net: NetName=GND Pin=UC1-1
Added Pin To Net: NetName=GND Pin=UC1-1
Added Pin To Net: NetName=GND Pin=UC1-1
Added Pin To Net: NetName=GND Pin=UC1-1
Added Pin To Net: NetName=GND Pin=UC1-1
Added Pin To Net: NetName=GND Pin=UC1-1
Added Pin To Net: NetName=GND Pin=UC1-1
Added Pin To Net: NetName=GND Pin=UC1-1
Added Pin To Net: NetName=GND Pin=UC1-1
Added Pin To Net: NetName=GND Pin=UC1-1
Added Pin To Net: NetName=GND Pin=UC1-1
Added Pin To Net: NetName=GND Pin=UC1-1
Added Pin To Net: NetName=GND Pin=UC1-1
Added Pin To Net: NetName=GND Pin=UC1-1
Added Pin To Net: NetName=GND Pin=UC1-1
Added Pin To Net: NetName=GND Pin=UC1-1
Added Pin To Net: NetName=GND Pin=UC1-1
Added Pin To Net: NetName=GND Pin=UC1-1
Added Pin To Net: NetName=GND Pin=UC1-1
Added Net: Name=GND
Added Pin To Net: NetName=LED_A Pin=J_DISPLAY-3
Added Pin To Net: NetName=LED_A Pin=Q2-C
Added Net: Name=LED_A
Added Pin To Net: NetName=NetD1_2 Pin=D1-2
Added Pin To Net: NetName=NetD1_2 Pin=D2-4
Added Net: Name=NetD1_2
Added Pin To Net: NetName=NetD2_2 Pin=D2-2
Added Pin To Net: NetName=NetD2_2 Pin=D3-4
Added Net: Name=NetD2_2
Added Pin To Net: NetName=NetD3_2 Pin=D3-2
Added Pin To Net: NetName=NetD3_2 Pin=D4-4
Added Net: Name=NetD3_2
Added Pin To Net: NetName=NetD4_2 Pin=D4-2
Added Pin To Net: NetName=NetD4_2 Pin=D5-4
Added Net: Name=NetD4_2
Added Pin To Net: NetName=NetD5_2 Pin=D5-2
Added Pin To Net: NetName=NetD5_2 Pin=D6-4
Added Net: Name=NetD5_2
Added Pin To Net: NetName=NetD6_2 Pin=D6-2
Added Pin To Net: NetName=NetD6_2 Pin=D7-4
Added Net: Name=NetD6_2
Added Pin To Net: NetName=NetD7_2 Pin=D7-2
Added Pin To Net: NetName=NetD7_2 Pin=D8-4
Added Net: Name=NetD7_2
Added Pin To Net: NetName=NetD8_2 Pin=D8-2
Added Pin To Net: NetName=NetD8_2 Pin=D9-4
Added Net: Name=NetD8_2
Added Pin To Net: NetName=NetD9_2 Pin=D9-2
Added Pin To Net: NetName=NetD9_2 Pin=D10-4
Added Net: Name=NetD9_2
Added Pin To Net: NetName=NetD10_2 Pin=D10-2
Added Pin To Net: NetName=NetD10_2 Pin=D11-4
Added Net: Name=NetD10_2
Added Pin To Net: NetName=NetD11_2 Pin=D11-2
Added Pin To Net: NetName=NetD11_2 Pin=D12-4
Added Net: Name=NetD11_2
Added Pin To Net: NetName=NetJ_DISPLAY_6 Pin=J_DISPLAY-6
Added Net: Name=NetJ_DISPLAY_6
Added Pin To Net: NetName=NetJ_DISPLAY_8 Pin=J_DISPLAY-8
Added Net: Name=NetJ_DISPLAY_8
Added Pin To Net: NetName=NetJ_DISPLAY_10 Pin=J_DISPLAY-10
Added Net: Name=NetJ_DISPLAY_10
Added Pin To Net: NetName=NetJ_DISPLAY_12 Pin=J_DISPLAY-12
Added Net: Name=NetJ_DISPLAY_12
Added Pin To Net: NetName=NetJ_USB_A5 Pin=J_USB-A5
Added Pin To Net: NetName=NetJ_USB_A5 Pin=R2-2
Added Net: Name=NetJ_USB_A5
Added Pin To Net: NetName=NetJ_USB_B5 Pin=J_USB-B5
Added Pin To Net: NetName=NetJ_USB_B5 Pin=R1-2
Added Net: Name=NetJ_USB_B5
Added Pin To Net: NetName=NetQ1_B Pin=Q1-B
Added Pin To Net: NetName=NetQ1_B Pin=UC1-24
Added Net: Name=NetQ1_B
Added Pin To Net: NetName=NetQ1_C Pin=Q1-C
Added Pin To Net: NetName=NetQ1_C Pin=X1-2
Added Net: Name=NetQ1_C
Added Pin To Net: NetName=NetQ2_B Pin=Q2-B
Added Pin To Net: NetName=NetQ2_B Pin=Q3-C
Added Pin To Net: NetName=NetQ2_B Pin=R4-1
Added Net: Name=NetQ2_B
Added Pin To Net: NetName=NetQ3_B Pin=Q3-B
Added Pin To Net: NetName=NetQ3_B Pin=R5-1
Added Net: Name=NetQ3_B
Added Pin To Net: NetName=NetR3_1 Pin=R3-1
Added Pin To Net: NetName=NetR3_1 Pin=S1-2
Added Pin To Net: NetName=NetR3_1 Pin=UC1-3
Added Net: Name=NetR3_1
Added Pin To Net: NetName=NetR5_2 Pin=R5-2
Added Pin To Net: NetName=NetR5_2 Pin=UC1-25
Added Net: Name=NetR5_2
Added Pin To Net: NetName=RD Pin=J_DISPLAY-29
Added Pin To Net: NetName=RD Pin=UC1-38
Added Net: Name=RD
Added Pin To Net: NetName=RS Pin=J_DISPLAY-33
Added Pin To Net: NetName=RS Pin=UC1-8
Added Net: Name=RS
Added Pin To Net: NetName=RST Pin=J_DISPLAY-7
Added Pin To Net: NetName=RST Pin=UC1-22
Added Net: Name=RST
Added Pin To Net: NetName=Touch_CLK Pin=J_DISPLAY-24
Added Pin To Net: NetName=Touch_CLK Pin=UC1-20
Added Net: Name=Touch_CLK
Added Pin To Net: NetName=Touch_CS Pin=J_DISPLAY-22
Added Pin To Net: NetName=Touch_CS Pin=UC1-18
Added Net: Name=Touch_CS
Added Pin To Net: NetName=Touch_DI Pin=J_DISPLAY-20
Added Pin To Net: NetName=Touch_DI Pin=UC1-19
Added Net: Name=Touch_DI
Added Pin To Net: NetName=Touch_DO Pin=J_DISPLAY-16
Added Pin To Net: NetName=Touch_DO Pin=UC1-21
Added Net: Name=Touch_DO
Added Pin To Net: NetName=WR Pin=J_DISPLAY-31
Added Pin To Net: NetName=WR Pin=UC1-4
Added Net: Name=WR
Added Class: Name=Sheet1
