Removed Pin From Net: NetName=GND Pin=C1-1
Removed Pin From Net: NetName=5V-BUS Pin=C1-2
Removed Pin From Net: NetName=GND Pin=C2-1
Removed Pin From Net: NetName=5V-BUS Pin=C2-2
Removed Pin From Net: NetName=GND Pin=C3-1
Removed Pin From Net: NetName=5V-BUS Pin=C3-2
Removed Pin From Net: NetName=GND Pin=C4-1
Removed Pin From Net: NetName=5V-BUS Pin=C4-2
Removed Pin From Net: NetName=GND Pin=C5-1
Removed Pin From Net: NetName=5V-BUS Pin=C5-2
Removed Pin From Net: NetName=GND Pin=C6-1
Removed Pin From Net: NetName=5V-BUS Pin=C6-2
Removed Pin From Net: NetName=GND Pin=C7-1
Removed Pin From Net: NetName=GND Pin=C8-1
Removed Pin From Net: NetName=GND Pin=C9-1
Removed Pin From Net: NetName=GND Pin=C10-1
Removed Pin From Net: NetName=GND Pin=C11-1
Removed Pin From Net: NetName=GND Pin=C12-1
Removed Pin From Net: NetName=5V-BUS Pin=C13-1
Removed Pin From Net: NetName=5V-BUS Pin=D1-1
Removed Pin From Net: NetName=GND Pin=D1-3
Removed Pin From Net: NetName=ARGB Pin=D1-4
Removed Pin From Net: NetName=5V-BUS Pin=D2-1
Removed Pin From Net: NetName=GND Pin=D2-3
Removed Pin From Net: NetName=5V-BUS Pin=D3-1
Removed Pin From Net: NetName=GND Pin=D3-3
Removed Pin From Net: NetName=5V-BUS Pin=D4-1
Removed Pin From Net: NetName=GND Pin=D4-3
Removed Pin From Net: NetName=5V-BUS Pin=D5-1
Removed Pin From Net: NetName=GND Pin=D5-3
Removed Pin From Net: NetName=5V-BUS Pin=D6-1
Removed Pin From Net: NetName=GND Pin=D6-3
Removed Pin From Net: NetName=GND Pin=D7-3
Removed Pin From Net: NetName=NetD6_2 Pin=D7-4
Removed Pin From Net: NetName=GND Pin=D8-3
Removed Pin From Net: NetName=GND Pin=D9-3
Removed Pin From Net: NetName=GND Pin=D10-3
Removed Pin From Net: NetName=GND Pin=D11-3
Removed Pin From Net: NetName=GND Pin=D12-3
Removed Pin From Net: NetName=5V-BUS Pin=D13-2
Removed Pin From Net: NetName=5V-BUS Pin=J_DISPLAY-5
Removed Pin From Net: NetName=5V-BUS Pin=J_USB-A4_B9
Removed Pin From Net: NetName=5V-BUS Pin=J_USB-B4_A9
Removed Pin From Net: NetName=5V-BUS Pin=Q2-E
Removed Pin From Net: NetName=5V-BUS Pin=R4-2
Removed Pin From Net: NetName=5V-BUS Pin=U2-3
Removed Pin From Net: NetName=5V-BUS Pin=X1-1
Added Component: Designator=J1(Sip-3)
Added Component: Designator=J2(Sip-3)
Added Component: Designator=J3(Sip-3)
Added Component: Designator=J4(Sip-3)
Added Component: Designator=J5(Sip-3)
Added Pin To Net: NetName=GND Pin=J1-1
Added Pin To Net: NetName=ARGB Pin=J1-2
Added Pin To Net: NetName=NetD6_2 Pin=J3-2
Added Pin To Net: NetName=5V-BUS Pin=J4-3
Added Pin To Net: NetName=5V-BUS Pin=J5-3
Change Net Name : Old Net Name=5V-BUS New Net Name=NetC7_2
Added Pin To Net: NetName=5V-BUS Pin=C13-1
Added Pin To Net: NetName=5V-BUS Pin=D13-2
Added Pin To Net: NetName=5V-BUS Pin=J1-3
Added Pin To Net: NetName=5V-BUS Pin=J_DISPLAY-5
Added Pin To Net: NetName=5V-BUS Pin=J_USB-A4_B9
Added Pin To Net: NetName=5V-BUS Pin=J_USB-B4_A9
Added Pin To Net: NetName=5V-BUS Pin=Q2-E
Added Pin To Net: NetName=5V-BUS Pin=R4-2
Added Pin To Net: NetName=5V-BUS Pin=U2-3
Added Pin To Net: NetName=5V-BUS Pin=X1-1
Added Net: Name=5V-BUS
Added Pin To Net: NetName=NetC1_1 Pin=C1-1
Added Pin To Net: NetName=NetC1_1 Pin=C2-1
Added Pin To Net: NetName=NetC1_1 Pin=C3-1
Added Pin To Net: NetName=NetC1_1 Pin=C4-1
Added Pin To Net: NetName=NetC1_1 Pin=C5-1
Added Pin To Net: NetName=NetC1_1 Pin=C6-1
Added Pin To Net: NetName=NetC1_1 Pin=D1-3
Added Pin To Net: NetName=NetC1_1 Pin=D2-3
Added Pin To Net: NetName=NetC1_1 Pin=D3-3
Added Pin To Net: NetName=NetC1_1 Pin=D4-3
Added Pin To Net: NetName=NetC1_1 Pin=D5-3
Added Pin To Net: NetName=NetC1_1 Pin=D6-3
Added Pin To Net: NetName=NetC1_1 Pin=J2-1
Added Pin To Net: NetName=NetC1_1 Pin=J3-1
Added Net: Name=NetC1_1
Added Pin To Net: NetName=NetC1_2 Pin=C1-2
Added Pin To Net: NetName=NetC1_2 Pin=C2-2
Added Pin To Net: NetName=NetC1_2 Pin=C3-2
Added Pin To Net: NetName=NetC1_2 Pin=C4-2
Added Pin To Net: NetName=NetC1_2 Pin=C5-2
Added Pin To Net: NetName=NetC1_2 Pin=C6-2
Added Pin To Net: NetName=NetC1_2 Pin=D1-1
Added Pin To Net: NetName=NetC1_2 Pin=D2-1
Added Pin To Net: NetName=NetC1_2 Pin=D3-1
Added Pin To Net: NetName=NetC1_2 Pin=D4-1
Added Pin To Net: NetName=NetC1_2 Pin=D5-1
Added Pin To Net: NetName=NetC1_2 Pin=D6-1
Added Pin To Net: NetName=NetC1_2 Pin=J2-3
Added Pin To Net: NetName=NetC1_2 Pin=J3-3
Added Net: Name=NetC1_2
Added Pin To Net: NetName=NetC7_1 Pin=C7-1
Added Pin To Net: NetName=NetC7_1 Pin=C8-1
Added Pin To Net: NetName=NetC7_1 Pin=C9-1
Added Pin To Net: NetName=NetC7_1 Pin=C10-1
Added Pin To Net: NetName=NetC7_1 Pin=C11-1
Added Pin To Net: NetName=NetC7_1 Pin=C12-1
Added Net: Name=NetC7_1
Added Pin To Net: NetName=NetD1_4 Pin=D1-4
Added Pin To Net: NetName=NetD1_4 Pin=J2-2
Added Net: Name=NetD1_4
Added Pin To Net: NetName=NetD7_3 Pin=D7-3
Added Pin To Net: NetName=NetD7_3 Pin=D8-3
Added Pin To Net: NetName=NetD7_3 Pin=D9-3
Added Pin To Net: NetName=NetD7_3 Pin=D10-3
Added Pin To Net: NetName=NetD7_3 Pin=D11-3
Added Pin To Net: NetName=NetD7_3 Pin=D12-3
Added Pin To Net: NetName=NetD7_3 Pin=J4-1
Added Pin To Net: NetName=NetD7_3 Pin=J5-1
Added Net: Name=NetD7_3
Added Pin To Net: NetName=NetD7_4 Pin=D7-4
Added Pin To Net: NetName=NetD7_4 Pin=J4-2
Added Net: Name=NetD7_4
Added Pin To Net: NetName=NetD12_2 Pin=D12-2
Added Pin To Net: NetName=NetD12_2 Pin=J5-2
Added Net: Name=NetD12_2
Added Member To Class: ClassName=Sheet1 Member=Component J1 OUTPUT_PCB
Added Member To Class: ClassName=Sheet1 Member=Component J2 INPUT_L1
Added Member To Class: ClassName=Sheet1 Member=Component J3 OUTPUT_L1
Added Member To Class: ClassName=Sheet1 Member=Component J4 INPUT_L2
Added Member To Class: ClassName=Sheet1 Member=Component J5 OUTPUT_L2
