Removed Pin From Net: NetName=GND Pin=J1-7
Removed Pin From Net: NetName=3,3V Pin=J1-8
Removed Pin From Net: NetName=NetJ1_9 Pin=R1-1
Removed Pin From Net: NetName=NetJ1_9 Pin=R2-2
Removed Pin From Net: NetName=NetJ1_10 Pin=R3-2
Removed Pin From Net: NetName=NetJ1_10 Pin=U1-2
Change Component Footprint: Designator=J1 Old Footprint=SIP-15_Node_V2 New Footprint=SIP-10
Added Component: Designator=B1(B_Schraube-M3 PAD)
Added Pin To Net: NetName=GND Pin=B1-1
Added Pin To Net: NetName=GND Pin=J1-2
Added Pin To Net: NetName=3,3V Pin=J1-3
Change Net Name : Old Net Name=5V New Net Name=NetJ1_6
Added Pin To Net: NetName=5V Pin=J1-1
Added Net: Name=5V
Added Pin To Net: NetName=NetJ1_4 Pin=J1-4
Added Pin To Net: NetName=NetJ1_4 Pin=R1-1
Added Pin To Net: NetName=NetJ1_4 Pin=R2-2
Added Net: Name=NetJ1_4
Added Pin To Net: NetName=NetJ1_5 Pin=J1-5
Added Pin To Net: NetName=NetJ1_5 Pin=R3-2
Added Pin To Net: NetName=NetJ1_5 Pin=U1-2
Added Net: Name=NetJ1_5
Added Pin To Net: NetName=NetJ1_7 Pin=J1-7
Added Net: Name=NetJ1_7
Added Pin To Net: NetName=NetJ1_8 Pin=J1-8
Added Net: Name=NetJ1_8
Added Member To Class: ClassName=Sheet1 Member=Component B1 Schraube
Added Member To Class: ClassName=Sheet1 Member=Component J1 MODULE_COM
