Removed Pin From Net: NetName=3,3V Pin=C1-1
Removed Pin From Net: NetName=GND Pin=C1-2
Removed Pin From Net: NetName=3,3V Pin=C2-1
Removed Pin From Net: NetName=GND Pin=C2-2
Removed Pin From Net: NetName=NetC4_1 Pin=C4-1
Removed Pin From Net: NetName=GND Pin=C4-2
Removed Pin From Net: NetName=GND Pin=C5-2
Removed Pin From Net: NetName=3,3V Pin=J2-1
Removed Pin From Net: NetName=EN-MODUL Pin=J2-2
Removed Pin From Net: NetName=EN-MODUL Pin=J2-4
Removed Pin From Net: NetName=GND Pin=J2-5
Removed Pin From Net: NetName=NetL1_1 Pin=L1-1
Removed Pin From Net: NetName=3,3V Pin=R1-2
Removed Pin From Net: NetName=NetC4_1 Pin=R3-2
Removed Pin From Net: NetName=3,3V Pin=U2-1
Removed Pin From Net: NetName=NetL1_1 Pin=U2-2
Removed Pin From Net: NetName=GND Pin=U2-3
Removed Pin From Net: NetName=NetC4_1 Pin=U2-5
Removed Pin From Net: NetName=GND Pin=U2-9
Removed Pin From Net: NetName=NetR1_1 Pin=U2-10
Removed Pin From Net: NetName=GND Pin=U2-11
Removed Pin From Net: NetName=GND Pin=U2-11
Removed Pin From Net: NetName=GND Pin=U2-11
Removed Pin From Net: NetName=GND Pin=U2-11
Removed Pin From Net: NetName=GND Pin=U2-11
Removed Member From Class: ClassName=Sheet2 Member=C5
Removed Member From Class: ClassName=Sheet2 Member=R3
Change Component Comment : Designator=R2 Old Comment=200k New Comment=100k
Change Component Designator: OldDesignator=J1 NewDesignator=J2
Added Component: Designator=C1(C_SMD_0805)
Add component (AddParameter): Name = "Bauform"; Value = ""; VariantName = "[No Variations]"
Add component (AddParameter): Name = "Spannung"; Value = ""; VariantName = "[No Variations]"
Add component (AddParameter): Name = "Typ"; Value = ""; VariantName = "[No Variations]"
Added Component: Designator=C2(C_SMD_0603)
Add component (AddParameter): Name = "Bauform"; Value = ""; VariantName = "[No Variations]"
Add component (AddParameter): Name = "Spannung"; Value = ""; VariantName = "[No Variations]"
Add component (AddParameter): Name = "Typ"; Value = ""; VariantName = "[No Variations]"
Added Component: Designator=C4(C_SMD_0805)
Add component (AddParameter): Name = "Bauform"; Value = ""; VariantName = "[No Variations]"
Add component (AddParameter): Name = "Spannung"; Value = ""; VariantName = "[No Variations]"
Add component (AddParameter): Name = "Typ"; Value = ""; VariantName = "[No Variations]"
Added Component: Designator=J1(SIP-5)
Added Component: Designator=L1(L_SMD_74438357100)
Added Component: Designator=S1(SLW12988565ARAND)
Add component (AddParameter): Name = "Arrow Part Number"; Value = ""; VariantName = "[No Variations]"
Add component (AddParameter): Name = "Arrow Price/Stock"; Value = ""; VariantName = "[No Variations]"
Add component (AddParameter): Name = "Datasheet Link"; Value = "https://www.sameskydevices.com/product/resource/slw-1298856-5a-ra-n-d.pdf"; VariantName = "[No Variations]"
Add component (AddParameter): Name = "Height"; Value = "6.3mm"; VariantName = "[No Variations]"
Add component (AddParameter): Name = "Manufacturer_Name"; Value = "Same Sky"; VariantName = "[No Variations]"
Add component (AddParameter): Name = "Manufacturer_Part_Number"; Value = "SLW-1298856-5A-RA-N-D"; VariantName = "[No Variations]"
Add component (AddParameter): Name = "Mouser Part Number"; Value = ""; VariantName = "[No Variations]"
Add component (AddParameter): Name = "Mouser Price/Stock"; Value = ""; VariantName = "[No Variations]"
Added Component: Designator=U2(SOT23-6)
Add component (AddParameter): Name = "Arrow Part Number"; Value = "TLV61070ADBVR"; VariantName = "[No Variations]"
Add component (AddParameter): Name = "Arrow Price/Stock"; Value = "https://www.arrow.com/en/products/tlv61070adbvr/texas-instruments?region=europe"; VariantName = "[No Variations]"
Add component (AddParameter): Name = "Datasheet Link"; Value = "https://www.ti.com/lit/ds/symlink/tlv61070a.pdf?HQS=dis-mous-null-mousermode-dsf-pf-null-wwe&ts=1668211309833&ref_url=https%253A%252F%252Fwww.mouser.com%252F"; VariantName = "[No Variations]"
Add component (AddParameter): Name = "Height"; Value = "1.45mm"; VariantName = "[No Variations]"
Add component (AddParameter): Name = "Manufacturer_Name"; Value = "Texas Instruments"; VariantName = "[No Variations]"
Add component (AddParameter): Name = "Manufacturer_Part_Number"; Value = "TLV61070ADBVR"; VariantName = "[No Variations]"
Add component (AddParameter): Name = "Mouser Part Number"; Value = "595-TLV61070ADBVR"; VariantName = "[No Variations]"
Add component (AddParameter): Name = "Mouser Price/Stock"; Value = "https://www.mouser.co.uk/ProductDetail/Texas-Instruments/TLV61070ADBVR?qs=T%252BzbugeAwjhLlT1empixsw%3D%3D"; VariantName = "[No Variations]"
Added Pin To Net: NetName=GND Pin=C1-2
Added Pin To Net: NetName=GND Pin=C2-2
Added Pin To Net: NetName=NetC4_1 Pin=C4-1
Added Pin To Net: NetName=GND Pin=C4-2
Added Pin To Net: NetName=EN-MODUL Pin=J1-2
Added Pin To Net: NetName=3,3V Pin=J1-3
Added Pin To Net: NetName=GND Pin=J1-4
Added Pin To Net: NetName=NetL1_1 Pin=L1-1
Added Pin To Net: NetName=NetC4_1 Pin=L1-2
Added Pin To Net: NetName=GND Pin=S1-4
Added Pin To Net: NetName=GND Pin=S1-5
Added Pin To Net: NetName=NetL1_1 Pin=U2-1
Added Pin To Net: NetName=GND Pin=U2-2
Added Pin To Net: NetName=NetC4_1 Pin=U2-3
Added Pin To Net: NetName=NetR1_1 Pin=U2-4
Added Pin To Net: NetName=NetC4_1 Pin=U2-6
Change Net Name : Old Net Name=EN-MODUL New Net Name=VBUS
Added Pin To Net: NetName=5V Pin=C1-1
Added Pin To Net: NetName=5V Pin=C2-1
Added Pin To Net: NetName=5V Pin=J1-5
Added Pin To Net: NetName=5V Pin=R1-2
Added Pin To Net: NetName=5V Pin=U2-5
Added Net: Name=5V
Added Pin To Net: NetName=VBAT_M Pin=D2-1
Added Pin To Net: NetName=VBAT_M Pin=J1-1
Added Pin To Net: NetName=VBAT_M Pin=S1-3
Added Net: Name=VBAT_M
Added Pin To Net: NetName=VBAT Pin=F1-1
Added Pin To Net: NetName=VBAT Pin=S1-2
Added Pin To Net: NetName=VBAT Pin=U1-3
Added Net: Name=VBAT
Added Member To Class: ClassName=Sheet2 Member=Component U2 U_TLV61070ADBVR
