Removed Pin From Net: NetName=3,3V Pin=U2-1
Removed Pin From Net: NetName=NetL1_1 Pin=U2-2
Removed Pin From Net: NetName=GND Pin=U2-3
Removed Pin From Net: NetName=NetL1_2 Pin=U2-4
Removed Pin From Net: NetName=NetC4_1 Pin=U2-5
Removed Pin From Net: NetName=NetC5_1 Pin=U2-6
Removed Pin From Net: NetName=NetC5_1 Pin=U2-7
Removed Pin From Net: NetName=NetC5_1 Pin=U2-8
Removed Pin From Net: NetName=GND Pin=U2-9
Removed Pin From Net: NetName=NetR1_1 Pin=U2-10
Removed Pin From Net: NetName=GND Pin=U2-11
Add Component: Footprint Not Found VREG_V62/16624-01YE
Add Pin To Net: Unknown Pin: Pin U2-1
Add Pin To Net: Unknown Pin: Pin U2-2
Add Pin To Net: Unknown Pin: Pin U2-3
Add Pin To Net: Unknown Pin: Pin U2-4
Add Pin To Net: Unknown Pin: Pin U2-5
Add Pin To Net: Unknown Pin: Pin U2-6
Add Pin To Net: Unknown Pin: Pin U2-7
Add Pin To Net: Unknown Pin: Pin U2-8
Add Pin To Net: Unknown Pin: Pin U2-9
Add Pin To Net: Unknown Pin: Pin U2-10
Add Pin To Net: Unknown Pin: Pin U2-11
