Removed Pin From Net: NetName=VBAT Pin=S1-2
Removed Pin From Net: NetName=VBAT_M Pin=S1-3
Removed Pin From Net: NetName=GND Pin=S1-4
Removed Pin From Net: NetName=GND Pin=S1-5
Added Component: Designator=S1(SLW12988565ARAND)
Add component (AddParameter): Name = "Arrow Part Number"; Value = ""; VariantName = "[No Variations]"
Add component (AddParameter): Name = "Arrow Price/Stock"; Value = ""; VariantName = "[No Variations]"
Add component (AddParameter): Name = "Datasheet Link"; Value = "https://www.sameskydevices.com/product/resource/slw-1298856-5a-ra-n-d.pdf"; VariantName = "[No Variations]"
Add component (AddParameter): Name = "Height"; Value = "6.3mm"; VariantName = "[No Variations]"
Add component (AddParameter): Name = "Manufacturer_Name"; Value = "Same Sky"; VariantName = "[No Variations]"
Add component (AddParameter): Name = "Manufacturer_Part_Number"; Value = "SLW-1298856-5A-RA-N-D"; VariantName = "[No Variations]"
Add component (AddParameter): Name = "Mouser Part Number"; Value = ""; VariantName = "[No Variations]"
Add component (AddParameter): Name = "Mouser Price/Stock"; Value = ""; VariantName = "[No Variations]"
Added Pin To Net: NetName=VBAT_M Pin=S1-1
Added Pin To Net: NetName=VBAT Pin=S1-2
Added Pin To Net: NetName=GND Pin=S1-4
Added Pin To Net: NetName=GND Pin=S1-5
Added Member To Class: ClassName=Sheet2 Member=Component C1 10µF
Added Member To Class: ClassName=Sheet2 Member=Component C2 1µF
Added Member To Class: ClassName=Sheet2 Member=Component C4 10µF
Added Member To Class: ClassName=Sheet2 Member=Component J1 BATTERY-COM
Added Member To Class: ClassName=Sheet2 Member=Component J2 Batterie | Lithium-Ion
Added Member To Class: ClassName=Sheet2 Member=Component L1 2,2uH
Added Member To Class: ClassName=Sheet2 Member=Component S1 S_SLW-1298856-5A-RA-N-D
Added Member To Class: ClassName=Sheet2 Member=Component U2 U_TLV61070ADBVR
