Removed Pin From Net: NetName=VBUS Pin=D1-1
Removed Pin From Net: NetName=NetC4_1 Pin=D1-2
Removed Pin From Net: NetName=NetC4_1 Pin=D2-2
Removed Pin From Net: NetName=NetC4_1 Pin=U2-3
Removed Member From Class: ClassName=Sheet2 Member=D1
Removed Member From Class: ClassName=Sheet2 Member=D2
Added Component: Designator=Q1(SOT-23-3_BC846)
Added Component: Designator=R3(R_SMD_0603)
Added Component: Designator=R4(R_SMD_0603)
Added Pin To Net: NetName=NetC4_1 Pin=J1-1
Added Pin To Net: NetName=GND Pin=Q1-E
Added Pin To Net: NetName=NetC4_1 Pin=R3-1
Added Pin To Net: NetName=VBUS Pin=R4-1
Added Pin To Net: NetName=NetC4_1 Pin=S1-1
Change Net Name : Old Net Name=NetC4_1 New Net Name=VBAT_M
Added Pin To Net: NetName=NetQ1_B Pin=Q1-B
Added Pin To Net: NetName=NetQ1_B Pin=R4-2
Added Net: Name=NetQ1_B
Added Pin To Net: NetName=NetQ1_C Pin=Q1-C
Added Pin To Net: NetName=NetQ1_C Pin=R3-2
Added Pin To Net: NetName=NetQ1_C Pin=U2-3
Added Net: Name=NetQ1_C
Added Member To Class: ClassName=Sheet2 Member=Component Q1 BC846
Added Member To Class: ClassName=Sheet2 Member=Component R3 >100k
Added Member To Class: ClassName=Sheet2 Member=Component R4 1k
