Removed Pin From Net: NetName=VBUS Pin=J4-1
Removed Pin From Net: NetName=GND Pin=J4-5
Removed Pin From Net: NetName=GND Pin=J4-6
Removed Pin From Net: NetName=GND Pin=J4-7
Removed Pin From Net: NetName=GND Pin=J4-8
Removed Pin From Net: NetName=GND Pin=J4-9
Removed Pin From Net: NetName=GND Pin=J4-10
Removed Pin From Net: NetName=GND Pin=J4-11
Removed Pin From Net: NetName=NetC2_2 Pin=Q2-3
Change Component Comment : Designator=R3 Old Comment=22k New Comment=100k
Change Component Comment : Designator=R4 Old Comment=22k New Comment=100k
Added Component: Designator=C9(C_SMD_0603)
Add component (AddParameter): Name = "Bauform"; Value = ""; VariantName = "[No Variations]"
Add component (AddParameter): Name = "Spannung"; Value = ""; VariantName = "[No Variations]"
Add component (AddParameter): Name = "Typ"; Value = ""; VariantName = "[No Variations]"
Added Component: Designator=J4(GCT_USB4105-GF-A)
Add component (AddParameter): Name = "Availability"; Value = "Unavailable"; VariantName = "[No Variations]"
Add component (AddParameter): Name = "MF"; Value = "{'manufacturer': u'GCT'}"; VariantName = "[No Variations]"
Add component (AddParameter): Name = "MP"; Value = "USB4105-GF-A"; VariantName = "[No Variations]"
Add component (AddParameter): Name = "Package"; Value = "None"; VariantName = "[No Variations]"
Add component (AddParameter): Name = "Price"; Value = "None"; VariantName = "[No Variations]"
Add component (AddParameter): Name = "Value"; Value = ""; VariantName = "[No Variations]"
Added Component: Designator=J?(SIP-6)
Added Component: Designator=Q2(SOT-23-3_BC846)
Added Component: Designator=Q3(SOT-23-3_BC846)
Added Component: Designator=R7(R_SMD_0805)
Added Component: Designator=R8(R_SMD_0805)
Added Pin To Net: NetName=GND Pin=C9-1
Added Pin To Net: NetName=BAT-CHECK Pin=C9-2
Added Pin To Net: NetName=GND Pin=J4-A1_B12
Added Pin To Net: NetName=VBUS Pin=J4-A4_B9
Added Pin To Net: NetName=GND Pin=J4-B1_A12
Added Pin To Net: NetName=VBUS Pin=J4-B4_A9
Added Pin To Net: NetName=GND Pin=J4-SH1
Added Pin To Net: NetName=GND Pin=J4-SH2
Added Pin To Net: NetName=GND Pin=J4-SH3
Added Pin To Net: NetName=GND Pin=J4-SH4
Added Pin To Net: NetName=3,3V Pin=J?-1
Added Pin To Net: NetName=3,3V Pin=J?-2
Added Pin To Net: NetName=3,3V Pin=J?-3
Added Pin To Net: NetName=GND Pin=J?-4
Added Pin To Net: NetName=GND Pin=J?-5
Added Pin To Net: NetName=GND Pin=J?-6
Added Pin To Net: NetName=NetC2_2 Pin=Q2-C
Added Pin To Net: NetName=GND Pin=R7-1
Added Pin To Net: NetName=GND Pin=R8-1
Added Pin To Net: NetName=NetJ4_A5 Pin=J4-A5
Added Pin To Net: NetName=NetJ4_A5 Pin=R7-2
Added Net: Name=NetJ4_A5
Added Pin To Net: NetName=NetJ4_A6 Pin=J4-A6
Added Pin To Net: NetName=NetJ4_A6 Pin=J4-B6
Added Pin To Net: NetName=NetJ4_A6 Pin=U3-4
Added Net: Name=NetJ4_A6
Added Pin To Net: NetName=NetJ4_A7 Pin=J4-A7
Added Pin To Net: NetName=NetJ4_A7 Pin=J4-B7
Added Pin To Net: NetName=NetJ4_A7 Pin=U3-5
Added Net: Name=NetJ4_A7
Added Pin To Net: NetName=NetJ4_B5 Pin=J4-B5
Added Pin To Net: NetName=NetJ4_B5 Pin=R8-2
Added Net: Name=NetJ4_B5
Added Pin To Net: NetName=NetQ2_B Pin=Q2-B
Added Pin To Net: NetName=NetQ2_B Pin=R5-2
Added Net: Name=NetQ2_B
Added Pin To Net: NetName=NetQ2_E Pin=Q2-E
Added Pin To Net: NetName=NetQ2_E Pin=R6-1
Added Pin To Net: NetName=NetQ2_E Pin=U3-24
Added Net: Name=NetQ2_E
Added Pin To Net: NetName=NetQ3_B Pin=Q3-B
Added Pin To Net: NetName=NetQ3_B Pin=R6-2
Added Net: Name=NetQ3_B
Added Pin To Net: NetName=NetQ3_C Pin=Q3-C
Added Pin To Net: NetName=NetQ3_C Pin=U2-18
Added Net: Name=NetQ3_C
Added Pin To Net: NetName=NetQ3_E Pin=Q3-E
Added Pin To Net: NetName=NetQ3_E Pin=R5-1
Added Pin To Net: NetName=NetQ3_E Pin=U3-28
Added Net: Name=NetQ3_E
Added Member To Class: ClassName=Sheet1 Member=Component C9 100nF
Added Member To Class: ClassName=Sheet1 Member=Component J? POWER
Added Member To Class: ClassName=Sheet1 Member=Component R7 5k1
Added Member To Class: ClassName=Sheet1 Member=Component R8 5k1
