Added Component: Designator=J4(GCT_USB4105-GF-A)
Add component (AddParameter): Name = "Availability"; Value = "Unavailable"; VariantName = "[No Variations]"
Add component (AddParameter): Name = "MF"; Value = "{'manufacturer': u'GCT'}"; VariantName = "[No Variations]"
Add component (AddParameter): Name = "MP"; Value = "USB4105-GF-A"; VariantName = "[No Variations]"
Add component (AddParameter): Name = "Package"; Value = "None"; VariantName = "[No Variations]"
Add component (AddParameter): Name = "Price"; Value = "None"; VariantName = "[No Variations]"
Add component (AddParameter): Name = "Value"; Value = ""; VariantName = "[No Variations]"
Added Pin To Net: NetName=GND Pin=J4-A1_B12
Added Pin To Net: NetName=VBUS Pin=J4-A4_B9
Added Pin To Net: NetName=NetJ4_A5 Pin=J4-A5
Added Pin To Net: NetName=NetJ4_A6 Pin=J4-A6
Added Pin To Net: NetName=NetJ4_A7 Pin=J4-A7
Added Pin To Net: NetName=GND Pin=J4-B1_A12
Added Pin To Net: NetName=VBUS Pin=J4-B4_A9
Added Pin To Net: NetName=NetJ4_B5 Pin=J4-B5
Added Pin To Net: NetName=NetJ4_A6 Pin=J4-B6
Added Pin To Net: NetName=NetJ4_A7 Pin=J4-B7
Added Pin To Net: NetName=GND Pin=J4-SH1
Added Pin To Net: NetName=GND Pin=J4-SH2
Added Pin To Net: NetName=GND Pin=J4-SH3
Added Pin To Net: NetName=GND Pin=J4-SH4
Added Member To Class: ClassName=Sheet1 Member=Component J4 J_USB-C
