Removed Pin From Net: NetName=GND Pin=D3-1
Removed Pin From Net: NetName=3,3V Pin=D3-3
Removed Pin From Net: NetName=GND Pin=D4-1
Removed Pin From Net: NetName=3,3V Pin=D4-3
Removed Pin From Net: NetName=GND Pin=D5-1
Removed Pin From Net: NetName=3,3V Pin=D5-3
Removed Pin From Net: NetName=GND Pin=D6-1
Removed Pin From Net: NetName=3,3V Pin=D6-3
Added Component: Designator=D3(D_SMD_LED-ARGB)
Added Component: Designator=D4(D_SMD_LED-ARGB)
Added Component: Designator=D5(D_SMD_LED-ARGB)
Added Component: Designator=D6(D_SMD_LED-ARGB)
Added Pin To Net: NetName=3,3V Pin=D3-1
Added Pin To Net: NetName=GND Pin=D3-3
Added Pin To Net: NetName=ARGB Pin=D3-4
Added Pin To Net: NetName=3,3V Pin=D4-1
Added Pin To Net: NetName=GND Pin=D4-3
Added Pin To Net: NetName=3,3V Pin=D5-1
Added Pin To Net: NetName=GND Pin=D5-3
Added Pin To Net: NetName=3,3V Pin=D6-1
Added Pin To Net: NetName=GND Pin=D6-3
Added Pin To Net: NetName=NetD3_2 Pin=D3-2
Added Pin To Net: NetName=NetD3_2 Pin=D4-4
Added Net: Name=NetD3_2
Added Pin To Net: NetName=NetD4_2 Pin=D4-2
Added Pin To Net: NetName=NetD4_2 Pin=D5-4
Added Net: Name=NetD4_2
Added Pin To Net: NetName=NetD5_2 Pin=D5-2
Added Pin To Net: NetName=NetD5_2 Pin=D6-4
Added Net: Name=NetD5_2
