Removed Pin From Net: NetName=12V Pin=REL?-1
Change Component Designator: OldDesignator=C? NewDesignator=C1
Change Component Designator: OldDesignator=C? NewDesignator=C2
Change Component Designator: OldDesignator=C? NewDesignator=C3
Change Component Designator: OldDesignator=C? NewDesignator=C4
Change Component Designator: OldDesignator=C? NewDesignator=C5
Change Component Designator: OldDesignator=C? NewDesignator=C6
Change Component Designator: OldDesignator=C? NewDesignator=C7
Change Component Designator: OldDesignator=C? NewDesignator=C8
Change Component Designator: OldDesignator=D? NewDesignator=D1
Change Component Designator: OldDesignator=D? NewDesignator=D2
Change Component Designator: OldDesignator=D? NewDesignator=D3
Change Component Designator: OldDesignator=D? NewDesignator=D4
Change Component Designator: OldDesignator=D? NewDesignator=D5
Change Component Designator: OldDesignator=D? NewDesignator=D6
Change Component Designator: OldDesignator=D? NewDesignator=D7
Change Component Designator: OldDesignator=D? NewDesignator=D8
Change Component Designator: OldDesignator=F? NewDesignator=F1
Change Component Designator: OldDesignator=F? NewDesignator=F2
Change Component Designator: OldDesignator=J? NewDesignator=J1
Change Component Designator: OldDesignator=J? NewDesignator=J2
Change Component Designator: OldDesignator=J? NewDesignator=J3
Change Component Designator: OldDesignator=L? NewDesignator=L1
Change Component Designator: OldDesignator=Q? NewDesignator=Q1
Change Component Designator: OldDesignator=R? NewDesignator=R1
Change Component Designator: OldDesignator=R? NewDesignator=R2
Change Component Designator: OldDesignator=R? NewDesignator=R3
Change Component Designator: OldDesignator=R? NewDesignator=R4
Change Component Designator: OldDesignator=R? NewDesignator=R5
Change Component Designator: OldDesignator=R? NewDesignator=R6
Change Component Designator: OldDesignator=REL? NewDesignator=REL1
Change Component Designator: OldDesignator=T? NewDesignator=T1
Change Component Designator: OldDesignator=U? NewDesignator=U1
Change Component Designator: OldDesignator=U? NewDesignator=U2
Change Component Designator: OldDesignator=U? NewDesignator=U3
Added Pin To Net: NetName=12V Pin=REL1-1
Change Net Name : Old Net Name=NetC?_1 New Net Name=NetC3_1
Change Net Name : Old Net Name=NetD?_1 New Net Name=NetD5_1
Change Net Name : Old Net Name=NetD?_2 New Net Name=NetD8_2
Change Net Name : Old Net Name=NetF?_2 New Net Name=NetF1_2
Change Net Name : Old Net Name=NetJ?_1 New Net Name=NetJ2_1
Change Net Name : Old Net Name=NetJ?_9 New Net Name=NetJ3_9
Change Net Name : Old Net Name=NetJ?_11 New Net Name=NetJ3_11
Change Net Name : Old Net Name=NetJ?_12 New Net Name=NetJ3_12
Change Net Name : Old Net Name=NetJ?_13 New Net Name=NetJ3_13
Change Net Name : Old Net Name=NetJ?_14 New Net Name=NetJ3_14
Change Net Name : Old Net Name=NetJ?_15 New Net Name=NetJ3_15
Change Net Name : Old Net Name=NetR?_2 New Net Name=NetR1_2
Change Net Name : Old Net Name=NetT?_2 New Net Name=NetT1_2
Change Net Name : Old Net Name=NetT?_6 New Net Name=NetT1_6
Added Pin To Net: NetName=NetC4_1 Pin=C4-1
Added Pin To Net: NetName=NetC4_1 Pin=U1-6
Added Net: Name=NetC4_1
Added Pin To Net: NetName=NetD6_1 Pin=D6-1
Added Pin To Net: NetName=NetD6_1 Pin=Q1-C
Added Pin To Net: NetName=NetD6_1 Pin=REL1-2
Added Net: Name=NetD6_1
Added Member To Class: ClassName=Sheet1 Member=Component C1 #Wert
Added Member To Class: ClassName=Sheet1 Member=Component C2 #Wert
Added Member To Class: ClassName=Sheet1 Member=Component C3 100n
Added Member To Class: ClassName=Sheet1 Member=Component C4 100n
Added Member To Class: ClassName=Sheet1 Member=Component C5 10µF
Added Member To Class: ClassName=Sheet1 Member=Component C6 10µF
Added Member To Class: ClassName=Sheet1 Member=Component C8 100µF
Added Member To Class: ClassName=Sheet1 Member=Component D1 1N4007
Added Member To Class: ClassName=Sheet1 Member=Component D2 1N4007
Added Member To Class: ClassName=Sheet1 Member=Component D4 1N4007
Added Member To Class: ClassName=Sheet1 Member=Component D5 1N4148
Added Member To Class: ClassName=Sheet1 Member=Component D6 1N4148
Added Member To Class: ClassName=Sheet1 Member=Component D7 1N4148
Added Member To Class: ClassName=Sheet1 Member=Component D8 1N5817
Added Member To Class: ClassName=Sheet1 Member=Component F1 #Wert
Added Member To Class: ClassName=Sheet1 Member=Component J1 #Wert
Added Member To Class: ClassName=Sheet1 Member=Component J3 MODULE_COM
Added Member To Class: ClassName=Sheet1 Member=Component R2 10k
Added Member To Class: ClassName=Sheet1 Member=Component R3 100K
Added Member To Class: ClassName=Sheet1 Member=Component R4 900K
Added Member To Class: ClassName=Sheet1 Member=Component R5 2k
Added Member To Class: ClassName=Sheet1 Member=Component R6 2k
Added Member To Class: ClassName=Sheet1 Member=Component U2 LM7805
Added Member To Class: ClassName=Sheet1 Member=Component U3 #Wert
